<?xml version="1.0" encoding="UTF-8"?>
<testsuite xmlns:xsi="http://www.w3.org/2001/XMLSchema-instance" xsi:noNamespaceSchemaLocation="https://maven.apache.org/surefire/maven-surefire-plugin/xsd/surefire-test-report.xsd" name="com.tarikh.interview.starling.integration.adapters.AccountIdQueryAdapterTest" time="2.089" tests="1" errors="0" skipped="0" failures="0">
  <properties>
[...]
</properties>
  <testcase name="shouldThrowExceptionIfNoPrimaryIdWasRetrieved" classname="com.tarikh.interview.starling.integration.adapters.AccountIdQueryAdapterTest" time="2.089"/>
</testsuite>